\BOOKMARK [0][-]{chapter.1}{\376\377\000I\000n\000t\000r\000o\000d\000u\000c\000t\000i\000o\000n}{}% 1
\BOOKMARK [1][-]{section.1.1}{\376\377\000P\000e\000r\000s\000o\000n\000a\000l\000\040\000D\000a\000t\000a}{chapter.1}% 2
\BOOKMARK [1][-]{section.1.2}{\376\377\000G\000o\000a\000l\000s}{chapter.1}% 3
\BOOKMARK [1][-]{section.1.3}{\376\377\000M\000e\000t\000h\000o\000d\000o\000l\000o\000g\000i\000e\000s}{chapter.1}% 4
\BOOKMARK [1][-]{section.1.4}{\376\377\000C\000o\000l\000l\000a\000b\000o\000r\000a\000t\000i\000o\000n\000\040\000w\000i\000t\000h\000\040\000I\000P\000S}{chapter.1}% 5
\BOOKMARK [0][-]{chapter.2}{\376\377\000F\000u\000n\000d\000a\000m\000e\000n\000t\000a\000l\000s}{}% 6
\BOOKMARK [1][-]{section.2.1}{\376\377\000H\000T\000T\000P\000S\000:\000\040\000H\000T\000T\000P\000\040\000o\000v\000e\000r\000\040\000T\000L\000S}{chapter.2}% 7
\BOOKMARK [2][-]{subsection.2.1.1}{\376\377\000S\000S\000L\000/\000T\000L\000S\000\040\000H\000a\000n\000d\000s\000h\000a\000k\000e}{section.2.1}% 8
\BOOKMARK [2][-]{subsection.2.1.2}{\376\377\000C\000e\000r\000t\000i\000f\000i\000c\000a\000t\000e\000\040\000V\000e\000r\000i\000f\000i\000c\000a\000t\000i\000o\000n}{section.2.1}% 9
\BOOKMARK [2][-]{subsection.2.1.3}{\376\377\000M\000a\000n\000-\000i\000n\000-\000T\000h\000e\000-\000M\000i\000d\000d\000l\000e}{section.2.1}% 10
\BOOKMARK [2][-]{subsection.2.1.4}{\376\377\000S\000S\000L\000\040\000C\000e\000r\000t\000i\000f\000i\000c\000a\000t\000e\000\040\000P\000i\000n\000n\000i\000n\000g}{section.2.1}% 11
\BOOKMARK [2][-]{subsection.2.1.5}{\376\377\000C\000e\000r\000t\000i\000f\000i\000c\000a\000t\000e\000\040\000T\000r\000a\000n\000s\000p\000a\000r\000e\000n\000c\000y}{section.2.1}% 12
\BOOKMARK [1][-]{section.2.2}{\376\377\000P\000r\000o\000t\000o\000c\000o\000l\000\040\000B\000u\000f\000f\000e\000r\000s}{chapter.2}% 13
\BOOKMARK [1][-]{section.2.3}{\376\377\000g\000R\000P\000C}{chapter.2}% 14
\BOOKMARK [1][-]{section.2.4}{\376\377\000Q\000U\000I\000C}{chapter.2}% 15
\BOOKMARK [2][-]{subsection.2.4.1}{\376\377\000H\000T\000T\000P\000/\0003}{section.2.4}% 16
\BOOKMARK [0][-]{chapter.3}{\376\377\000T\000e\000s\000t\000i\000n\000g\000\040\000E\000n\000v\000i\000r\000o\000n\000m\000e\000n\000t}{}% 17
\BOOKMARK [1][-]{section.3.1}{\376\377\000A\000n\000d\000r\000o\000i\000d\000\040\000S\000t\000u\000d\000i\000o}{chapter.3}% 18
\BOOKMARK [2][-]{subsection.3.1.1}{\376\377\000A\000n\000d\000r\000o\000i\000d\000\040\000V\000i\000r\000t\000u\000a\000l\000\040\000D\000e\000v\000i\000c\000e\000\040\000\050\000A\000V\000D\000\051}{section.3.1}% 19
\BOOKMARK [2][-]{subsection.3.1.2}{\376\377\000R\000o\000o\000t\000\040\000p\000r\000i\000v\000i\000l\000e\000g\000e\000s\000\040\000o\000n\000\040\000v\000i\000r\000t\000u\000a\000l\000\040\000d\000e\000v\000i\000c\000e}{section.3.1}% 20
\BOOKMARK [2][-]{subsection.3.1.3}{\376\377\000A\000n\000d\000r\000o\000i\000d\000\040\000D\000e\000b\000u\000g\000\040\000B\000r\000i\000d\000g\000e\000\040\000\050\000a\000d\000b\000\051}{section.3.1}% 21
\BOOKMARK [1][-]{section.3.2}{\376\377\000N\000e\000t\000w\000o\000r\000k\000\040\000t\000r\000a\000f\000f\000i\000c\000\040\000a\000n\000a\000l\000y\000s\000i\000s}{chapter.3}% 22
\BOOKMARK [2][-]{subsection.3.2.1}{\376\377\000H\000t\000t\000p\000T\000o\000o\000l\000k\000i\000t}{section.3.2}% 23
\BOOKMARK [2][-]{subsection.3.2.2}{\376\377\000B\000u\000r\000p\000S\000u\000i\000t\000e}{section.3.2}% 24
\BOOKMARK [2][-]{subsection.3.2.3}{\376\377\000W\000i\000r\000e\000s\000h\000a\000r\000k}{section.3.2}% 25
\BOOKMARK [1][-]{section.3.3}{\376\377\000D\000y\000n\000a\000m\000i\000c\000\040\000i\000n\000s\000t\000r\000u\000m\000e\000n\000t\000a\000t\000i\000o\000n}{chapter.3}% 26
\BOOKMARK [2][-]{subsection.3.3.1}{\376\377\000F\000r\000i\000d\000a}{section.3.3}% 27
\BOOKMARK [2][-]{subsection.3.3.2}{\376\377\000O\000b\000j\000e\000c\000t\000i\000o\000n}{section.3.3}% 28
\BOOKMARK [1][-]{section.3.4}{\376\377\000S\000t\000a\000t\000i\000c\000\040\000i\000n\000s\000t\000r\000u\000m\000e\000n\000t\000a\000t\000i\000o\000n}{chapter.3}% 29
\BOOKMARK [2][-]{subsection.3.4.1}{\376\377\000G\000D\000A}{section.3.4}% 30
\BOOKMARK [0][-]{chapter.4}{\376\377\000A\000p\000p\000l\000i\000c\000a\000t\000i\000o\000n\000\040\000c\000a\000s\000e\000s}{}% 31
\BOOKMARK [1][-]{section.4.1}{\376\377\000C\000a\000s\000e\000:\000\040\000I\000l\000M\000e\000t\000e\000o}{chapter.4}% 32
\BOOKMARK [2][-]{subsection.4.1.1}{\376\377\000G\000e\000n\000e\000r\000a\000l\000\040\000d\000e\000s\000c\000r\000i\000p\000t\000i\000o\000n}{section.4.1}% 33
\BOOKMARK [2][-]{subsection.4.1.2}{\376\377\000S\000t\000u\000d\000y\000\040\000d\000e\000t\000a\000i\000l}{section.4.1}% 34
\BOOKMARK [2][-]{subsection.4.1.3}{\376\377\000S\000e\000n\000s\000i\000t\000i\000v\000e\000\040\000d\000a\000t\000a}{section.4.1}% 35
\BOOKMARK [2][-]{subsection.4.1.4}{\376\377\000O\000t\000h\000e\000r\000\040\000v\000u\000l\000n\000e\000r\000a\000b\000i\000l\000i\000t\000i\000e\000s}{section.4.1}% 36
\BOOKMARK [1][-]{section.4.2}{\376\377\000C\000a\000s\000e\000:\000\040\000P\000a\000c\000e\000r}{chapter.4}% 37
\BOOKMARK [2][-]{subsection.4.2.1}{\376\377\000G\000e\000n\000e\000r\000a\000l\000\040\000d\000e\000s\000c\000r\000i\000p\000t\000i\000o\000n}{section.4.2}% 38
\BOOKMARK [2][-]{subsection.4.2.2}{\376\377\000S\000t\000u\000d\000y\000\040\000d\000e\000t\000a\000i\000l}{section.4.2}% 39
\BOOKMARK [2][-]{subsection.4.2.3}{\376\377\000S\000e\000n\000s\000i\000t\000i\000v\000e\000\040\000d\000a\000t\000a}{section.4.2}% 40
\BOOKMARK [2][-]{subsection.4.2.4}{\376\377\000O\000t\000h\000e\000r\000\040\000v\000u\000l\000n\000e\000r\000a\000b\000i\000l\000i\000t\000i\000e\000s}{section.4.2}% 41
\BOOKMARK [1][-]{section.4.3}{\376\377\000C\000a\000s\000e\000:\000\040\000W\000a\000z\000e}{chapter.4}% 42
\BOOKMARK [2][-]{subsection.4.3.1}{\376\377\000G\000e\000n\000e\000r\000a\000l\000\040\000d\000e\000s\000c\000r\000i\000p\000t\000i\000o\000n}{section.4.3}% 43
\BOOKMARK [2][-]{subsection.4.3.2}{\376\377\000S\000t\000u\000d\000y\000\040\000d\000e\000t\000a\000i\000l}{section.4.3}% 44
\BOOKMARK [2][-]{subsection.4.3.3}{\376\377\000S\000e\000n\000s\000i\000t\000i\000v\000e\000\040\000d\000a\000t\000a}{section.4.3}% 45
\BOOKMARK [2][-]{subsection.4.3.4}{\376\377\000O\000t\000h\000e\000r\000\040\000v\000u\000l\000n\000e\000r\000a\000b\000i\000l\000i\000t\000i\000e\000s}{section.4.3}% 46
\BOOKMARK [1][-]{section.4.4}{\376\377\000C\000a\000s\000e\000:\000\040\000R\000a\000d\000a\000r\000B\000o\000t}{chapter.4}% 47
\BOOKMARK [2][-]{subsection.4.4.1}{\376\377\000G\000e\000n\000e\000r\000a\000l\000\040\000d\000e\000s\000c\000r\000i\000p\000t\000i\000o\000n}{section.4.4}% 48
\BOOKMARK [2][-]{subsection.4.4.2}{\376\377\000S\000t\000u\000d\000y\000\040\000d\000e\000t\000a\000i\000l}{section.4.4}% 49
\BOOKMARK [2][-]{subsection.4.4.3}{\376\377\000S\000e\000n\000s\000i\000t\000i\000v\000e\000\040\000d\000a\000t\000a}{section.4.4}% 50
\BOOKMARK [2][-]{subsection.4.4.4}{\376\377\000O\000t\000h\000e\000r\000\040\000v\000u\000l\000n\000e\000r\000a\000b\000i\000l\000i\000t\000i\000e\000s}{section.4.4}% 51
\BOOKMARK [1][-]{section.4.5}{\376\377\000C\000a\000s\000e\000:\000\040\000G\000o\000o\000g\000l\000e\000M\000a\000p\000s}{chapter.4}% 52
\BOOKMARK [2][-]{subsection.4.5.1}{\376\377\000G\000e\000n\000e\000r\000a\000l\000\040\000d\000e\000s\000c\000r\000i\000p\000t\000i\000o\000n}{section.4.5}% 53
\BOOKMARK [2][-]{subsection.4.5.2}{\376\377\000S\000t\000u\000d\000y\000\040\000d\000e\000t\000a\000i\000l}{section.4.5}% 54
\BOOKMARK [2][-]{subsection.4.5.3}{\376\377\000S\000e\000n\000s\000i\000t\000i\000v\000e\000\040\000d\000a\000t\000a}{section.4.5}% 55
\BOOKMARK [2][-]{subsection.4.5.4}{\376\377\000O\000t\000h\000e\000r\000\040\000v\000u\000l\000n\000e\000r\000a\000b\000i\000l\000i\000t\000i\000e\000s}{section.4.5}% 56
\BOOKMARK [0][-]{chapter.5}{\376\377\000C\000o\000n\000c\000l\000u\000s\000i\000o\000n}{}% 57
\BOOKMARK [0][-]{section*.8}{\376\377\000B\000i\000b\000l\000i\000o\000g\000r\000a\000p\000h\000y}{}% 58
