This is pdfTeX, Version 3.141592653-2.6-1.40.24 (TeX Live 2022) (preloaded format=pdflatex 2022.9.12)  16 FEB 2023 12:45
entering extended mode
 restricted \write18 enabled.
 %&-line parsing enabled.
**thesis.tex
(./thesis.tex
LaTeX2e <2022-06-01> patch level 5
L3 programming layer <2022-08-30>
(d:/TexLive/2022/texmf-dist/tex/latex/sapthesis/sapthesis.cls
Document Class: sapthesis 2022/07/04 Sapienza University of Rome thesis class
(d:/TexLive/2022/texmf-dist/tex/latex/xkeyval/xkeyval.sty
Package: xkeyval 2022/06/16 v2.9 package option processing (HA)

(d:/TexLive/2022/texmf-dist/tex/generic/xkeyval/xkeyval.tex
(d:/TexLive/2022/texmf-dist/tex/generic/xkeyval/xkvutils.tex
\XKV@toks=\toks16
\XKV@tempa@toks=\toks17

(d:/TexLive/2022/texmf-dist/tex/generic/xkeyval/keyval.tex))
\XKV@depth=\count185
File: xkeyval.tex 2014/12/03 v2.7a key=value parser (HA)
))
\SAP@binding=\skip47

(d:/TexLive/2022/texmf-dist/tex/latex/base/book.cls
Document Class: book 2021/10/04 v1.4n Standard LaTeX document class
(d:/TexLive/2022/texmf-dist/tex/latex/base/bk10.clo
File: bk10.clo 2021/10/04 v1.4n Standard LaTeX file (size option)
)
\c@part=\count186
\c@chapter=\count187
\c@section=\count188
\c@subsection=\count189
\c@subsubsection=\count190
\c@paragraph=\count191
\c@subparagraph=\count192
\c@figure=\count193
\c@table=\count194
\abovecaptionskip=\skip48
\belowcaptionskip=\skip49
\bibindent=\dimen138
)
(d:/TexLive/2022/texmf-dist/tex/latex/geometry/geometry.sty
Package: geometry 2020/01/02 v5.9 Page Geometry

(d:/TexLive/2022/texmf-dist/tex/generic/iftex/ifvtex.sty
Package: ifvtex 2019/10/25 v1.7 ifvtex legacy package. Use iftex instead.

(d:/TexLive/2022/texmf-dist/tex/generic/iftex/iftex.sty
Package: iftex 2022/02/03 v1.0f TeX engine tests
))
\Gm@cnth=\count195
\Gm@cntv=\count196
\c@Gm@tempcnt=\count197
\Gm@bindingoffset=\dimen139
\Gm@wd@mp=\dimen140
\Gm@odd@mp=\dimen141
\Gm@even@mp=\dimen142
\Gm@layoutwidth=\dimen143
\Gm@layoutheight=\dimen144
\Gm@layouthoffset=\dimen145
\Gm@layoutvoffset=\dimen146
\Gm@dimlist=\toks18
)
(d:/TexLive/2022/texmf-dist/tex/generic/iftex/ifxetex.sty
Package: ifxetex 2019/10/25 v0.7 ifxetex legacy package. Use iftex instead.
)
(d:/TexLive/2022/texmf-dist/tex/latex/base/fontenc.sty
Package: fontenc 2021/04/29 v2.0v Standard LaTeX package
)
(d:/TexLive/2022/texmf-dist/tex/latex/base/textcomp.sty
Package: textcomp 2020/02/02 v2.0n Standard LaTeX package
)
(d:/TexLive/2022/texmf-dist/tex/latex/lm/lmodern.sty
Package: lmodern 2015/05/01 v1.6.1 Latin Modern Fonts
LaTeX Font Info:    Overwriting symbol font `operators' in version `normal'
(Font)                  OT1/cmr/m/n --> OT1/lmr/m/n on input line 22.
LaTeX Font Info:    Overwriting symbol font `letters' in version `normal'
(Font)                  OML/cmm/m/it --> OML/lmm/m/it on input line 23.
LaTeX Font Info:    Overwriting symbol font `symbols' in version `normal'
(Font)                  OMS/cmsy/m/n --> OMS/lmsy/m/n on input line 24.
LaTeX Font Info:    Overwriting symbol font `largesymbols' in version `normal'
(Font)                  OMX/cmex/m/n --> OMX/lmex/m/n on input line 25.
LaTeX Font Info:    Overwriting symbol font `operators' in version `bold'
(Font)                  OT1/cmr/bx/n --> OT1/lmr/bx/n on input line 26.
LaTeX Font Info:    Overwriting symbol font `letters' in version `bold'
(Font)                  OML/cmm/b/it --> OML/lmm/b/it on input line 27.
LaTeX Font Info:    Overwriting symbol font `symbols' in version `bold'
(Font)                  OMS/cmsy/b/n --> OMS/lmsy/b/n on input line 28.
LaTeX Font Info:    Overwriting symbol font `largesymbols' in version `bold'
(Font)                  OMX/cmex/m/n --> OMX/lmex/m/n on input line 29.
LaTeX Font Info:    Overwriting math alphabet `\mathbf' in version `normal'
(Font)                  OT1/cmr/bx/n --> OT1/lmr/bx/n on input line 31.
LaTeX Font Info:    Overwriting math alphabet `\mathsf' in version `normal'
(Font)                  OT1/cmss/m/n --> OT1/lmss/m/n on input line 32.
LaTeX Font Info:    Overwriting math alphabet `\mathit' in version `normal'
(Font)                  OT1/cmr/m/it --> OT1/lmr/m/it on input line 33.
LaTeX Font Info:    Overwriting math alphabet `\mathtt' in version `normal'
(Font)                  OT1/cmtt/m/n --> OT1/lmtt/m/n on input line 34.
LaTeX Font Info:    Overwriting math alphabet `\mathbf' in version `bold'
(Font)                  OT1/cmr/bx/n --> OT1/lmr/bx/n on input line 35.
LaTeX Font Info:    Overwriting math alphabet `\mathsf' in version `bold'
(Font)                  OT1/cmss/bx/n --> OT1/lmss/bx/n on input line 36.
LaTeX Font Info:    Overwriting math alphabet `\mathit' in version `bold'
(Font)                  OT1/cmr/bx/it --> OT1/lmr/bx/it on input line 37.
LaTeX Font Info:    Overwriting math alphabet `\mathtt' in version `bold'
(Font)                  OT1/cmtt/m/n --> OT1/lmtt/m/n on input line 38.
)
(d:/TexLive/2022/texmf-dist/tex/latex/caption/caption.sty
Package: caption 2022/03/01 v3.6b Customizing captions (AR)

(d:/TexLive/2022/texmf-dist/tex/latex/caption/caption3.sty
Package: caption3 2022/03/17 v2.3b caption3 kernel (AR)
\caption@tempdima=\dimen147
\captionmargin=\dimen148
\caption@leftmargin=\dimen149
\caption@rightmargin=\dimen150
\caption@width=\dimen151
\caption@indent=\dimen152
\caption@parindent=\dimen153
\caption@hangindent=\dimen154
Package caption Info: Standard document class detected.
)
\c@caption@flags=\count198
\c@continuedfloat=\count199
)
(d:/TexLive/2022/texmf-dist/tex/latex/graphics/graphicx.sty
Package: graphicx 2021/09/16 v1.2d Enhanced LaTeX Graphics (DPC,SPQR)

(d:/TexLive/2022/texmf-dist/tex/latex/graphics/graphics.sty
Package: graphics 2022/03/10 v1.4e Standard LaTeX Graphics (DPC,SPQR)

(d:/TexLive/2022/texmf-dist/tex/latex/graphics/trig.sty
Package: trig 2021/08/11 v1.11 sin cos tan (DPC)
)
(d:/TexLive/2022/texmf-dist/tex/latex/graphics-cfg/graphics.cfg
File: graphics.cfg 2016/06/04 v1.11 sample graphics configuration
)
Package graphics Info: Driver file: pdftex.def on input line 107.

(d:/TexLive/2022/texmf-dist/tex/latex/graphics-def/pdftex.def
File: pdftex.def 2020/10/05 v1.2a Graphics/color driver for pdftex
))
\Gin@req@height=\dimen155
\Gin@req@width=\dimen156
)
(d:/TexLive/2022/texmf-dist/tex/latex/graphics/color.sty
Package: color 2022/01/06 v1.3d Standard LaTeX Color (DPC)

(d:/TexLive/2022/texmf-dist/tex/latex/graphics-cfg/color.cfg
File: color.cfg 2016/01/02 v1.6 sample color configuration
)
Package color Info: Driver file: pdftex.def on input line 149.

(d:/TexLive/2022/texmf-dist/tex/latex/graphics/mathcolor.ltx))
(d:/TexLive/2022/texmf-dist/tex/latex/booktabs/booktabs.sty
Package: booktabs 2020/01/12 v1.61803398 Publication quality tables
\heavyrulewidth=\dimen157
\lightrulewidth=\dimen158
\cmidrulewidth=\dimen159
\belowrulesep=\dimen160
\belowbottomsep=\dimen161
\aboverulesep=\dimen162
\abovetopsep=\dimen163
\cmidrulesep=\dimen164
\cmidrulekern=\dimen165
\defaultaddspace=\dimen166
\@cmidla=\count266
\@cmidlb=\count267
\@aboverulesep=\dimen167
\@belowrulesep=\dimen168
\@thisruleclass=\count268
\@lastruleclass=\count269
\@thisrulewidth=\dimen169
)
(d:/TexLive/2022/texmf-dist/tex/latex/amsmath/amsmath.sty
Package: amsmath 2022/04/08 v2.17n AMS math features
\@mathmargin=\skip50

For additional information on amsmath, use the `?' option.
(d:/TexLive/2022/texmf-dist/tex/latex/amsmath/amstext.sty
Package: amstext 2021/08/26 v2.01 AMS text

(d:/TexLive/2022/texmf-dist/tex/latex/amsmath/amsgen.sty
File: amsgen.sty 1999/11/30 v2.0 generic functions
\@emptytoks=\toks19
\ex@=\dimen170
))
(d:/TexLive/2022/texmf-dist/tex/latex/amsmath/amsbsy.sty
Package: amsbsy 1999/11/29 v1.2d Bold Symbols
\pmbraise@=\dimen171
)
(d:/TexLive/2022/texmf-dist/tex/latex/amsmath/amsopn.sty
Package: amsopn 2022/04/08 v2.04 operator names
)
\inf@bad=\count270
LaTeX Info: Redefining \frac on input line 234.
\uproot@=\count271
\leftroot@=\count272
LaTeX Info: Redefining \overline on input line 399.
LaTeX Info: Redefining \colon on input line 410.
\classnum@=\count273
\DOTSCASE@=\count274
LaTeX Info: Redefining \ldots on input line 496.
LaTeX Info: Redefining \dots on input line 499.
LaTeX Info: Redefining \cdots on input line 620.
\Mathstrutbox@=\box51
\strutbox@=\box52
LaTeX Info: Redefining \big on input line 722.
LaTeX Info: Redefining \Big on input line 723.
LaTeX Info: Redefining \bigg on input line 724.
LaTeX Info: Redefining \Bigg on input line 725.
\big@size=\dimen172
LaTeX Font Info:    Redeclaring font encoding OML on input line 743.
LaTeX Font Info:    Redeclaring font encoding OMS on input line 744.
\macc@depth=\count275
LaTeX Info: Redefining \bmod on input line 905.
LaTeX Info: Redefining \pmod on input line 910.
LaTeX Info: Redefining \smash on input line 940.
LaTeX Info: Redefining \relbar on input line 970.
LaTeX Info: Redefining \Relbar on input line 971.
\c@MaxMatrixCols=\count276
\dotsspace@=\muskip16
\c@parentequation=\count277
\dspbrk@lvl=\count278
\tag@help=\toks20
\row@=\count279
\column@=\count280
\maxfields@=\count281
\andhelp@=\toks21
\eqnshift@=\dimen173
\alignsep@=\dimen174
\tagshift@=\dimen175
\tagwidth@=\dimen176
\totwidth@=\dimen177
\lineht@=\dimen178
\@envbody=\toks22
\multlinegap=\skip51
\multlinetaggap=\skip52
\mathdisplay@stack=\toks23
LaTeX Info: Redefining \[ on input line 2953.
LaTeX Info: Redefining \] on input line 2954.
)
(d:/TexLive/2022/texmf-dist/tex/latex/etoolbox/etoolbox.sty
Package: etoolbox 2020/10/05 v2.5k e-TeX tools for LaTeX (JAW)
\etb@tempcnta=\count282
)
(d:/TexLive/2022/texmf-dist/tex/latex/fancyhdr/fancyhdr.sty
Package: fancyhdr 2022/05/18 v4.0.3 Extensive control of page headers and foote
rs
\f@nch@headwidth=\skip53
\f@nch@O@elh=\skip54
\f@nch@O@erh=\skip55
\f@nch@O@olh=\skip56
\f@nch@O@orh=\skip57
\f@nch@O@elf=\skip58
\f@nch@O@erf=\skip59
\f@nch@O@olf=\skip60
\f@nch@O@orf=\skip61
)
\SAP@advisorcount=\count283
\SAP@advisortoks=\toks24
\SAP@coadvisorcount=\count284
\SAP@coadvisortoks=\toks25
\SAP@reviewercount=\count285
\SAP@reviewertoks=\toks26
\SAP@directorcount=\count286
\SAP@directortoks=\toks27
\SAP@examinercount=\count287
\SAP@examinertoks=\toks28
)
(d:/TexLive/2022/texmf-dist/tex/latex/microtype/microtype.sty
Package: microtype 2022/06/23 v3.0f Micro-typographical refinements (RS)
\MT@toks=\toks29
\MT@tempbox=\box53
\MT@count=\count288
LaTeX Info: Redefining \noprotrusionifhmode on input line 1045.
LaTeX Info: Redefining \leftprotrusion on input line 1046.
LaTeX Info: Redefining \rightprotrusion on input line 1056.
LaTeX Info: Redefining \textls on input line 1234.
\MT@outer@kern=\dimen179
LaTeX Info: Redefining \textmicrotypecontext on input line 1858.
\MT@listname@count=\count289

(d:/TexLive/2022/texmf-dist/tex/latex/microtype/microtype-pdftex.def
File: microtype-pdftex.def 2022/06/23 v3.0f Definitions specific to pdftex (RS)

LaTeX Info: Redefining \lsstyle on input line 900.
LaTeX Info: Redefining \lslig on input line 900.
\MT@outer@space=\skip62
)
Package microtype Info: Loading configuration file microtype.cfg.

(d:/TexLive/2022/texmf-dist/tex/latex/microtype/microtype.cfg
File: microtype.cfg 2022/06/23 v3.0f microtype main configuration file (RS)
))
(d:/TexLive/2022/texmf-dist/tex/generic/babel/babel.sty
Package: babel 2022/08/29 3.79 The Babel package
\babel@savecnt=\count290
\U@D=\dimen180
\l@unhyphenated=\language87

(d:/TexLive/2022/texmf-dist/tex/generic/babel/txtbabel.def)
\bbl@readstream=\read2
\bbl@dirlevel=\count291

(d:/TexLive/2022/texmf-dist/tex/generic/babel-english/english.ldf
Language: english 2017/06/06 v3.3r English support from the babel system
Package babel Info: Hyphen rules for 'canadian' set to \l@english
(babel)             (\language0). Reported on input line 102.
Package babel Info: Hyphen rules for 'australian' set to \l@ukenglish
(babel)             (\language21). Reported on input line 105.
Package babel Info: Hyphen rules for 'newzealand' set to \l@ukenglish
(babel)             (\language21). Reported on input line 108.
))
(d:/TexLive/2022/texmf-dist/tex/generic/babel/locale/en/babel-english.tex
Package babel Info: Importing font and identification data for english
(babel)             from babel-en.ini. Reported on input line 11.
)
(d:/TexLive/2022/texmf-dist/tex/latex/base/inputenc.sty
Package: inputenc 2021/02/14 v1.3d Input encoding file
\inpenc@prehook=\toks30
\inpenc@posthook=\toks31
)
(d:/TexLive/2022/texmf-dist/tex/latex/hyperref/hyperref.sty
Package: hyperref 2022-06-20 v7.00s Hypertext links for LaTeX

(d:/TexLive/2022/texmf-dist/tex/generic/ltxcmds/ltxcmds.sty
Package: ltxcmds 2020-05-10 v1.25 LaTeX kernel commands for general use (HO)
)
(d:/TexLive/2022/texmf-dist/tex/generic/pdftexcmds/pdftexcmds.sty
Package: pdftexcmds 2020-06-27 v0.33 Utility functions of pdfTeX for LuaTeX (HO
)

(d:/TexLive/2022/texmf-dist/tex/generic/infwarerr/infwarerr.sty
Package: infwarerr 2019/12/03 v1.5 Providing info/warning/error messages (HO)
)
Package pdftexcmds Info: \pdf@primitive is available.
Package pdftexcmds Info: \pdf@ifprimitive is available.
Package pdftexcmds Info: \pdfdraftmode found.
)
(d:/TexLive/2022/texmf-dist/tex/generic/kvsetkeys/kvsetkeys.sty
Package: kvsetkeys 2019/12/15 v1.18 Key value parser (HO)
)
(d:/TexLive/2022/texmf-dist/tex/generic/kvdefinekeys/kvdefinekeys.sty
Package: kvdefinekeys 2019-12-19 v1.6 Define keys (HO)
)
(d:/TexLive/2022/texmf-dist/tex/generic/pdfescape/pdfescape.sty
Package: pdfescape 2019/12/09 v1.15 Implements pdfTeX's escape features (HO)
)
(d:/TexLive/2022/texmf-dist/tex/latex/hycolor/hycolor.sty
Package: hycolor 2020-01-27 v1.10 Color options for hyperref/bookmark (HO)
)
(d:/TexLive/2022/texmf-dist/tex/latex/letltxmacro/letltxmacro.sty
Package: letltxmacro 2019/12/03 v1.6 Let assignment for LaTeX macros (HO)
)
(d:/TexLive/2022/texmf-dist/tex/latex/auxhook/auxhook.sty
Package: auxhook 2019-12-17 v1.6 Hooks for auxiliary files (HO)
)
(d:/TexLive/2022/texmf-dist/tex/latex/hyperref/nameref.sty
Package: nameref 2022-05-17 v2.50 Cross-referencing by name of section

(d:/TexLive/2022/texmf-dist/tex/latex/refcount/refcount.sty
Package: refcount 2019/12/15 v3.6 Data extraction from label references (HO)
)
(d:/TexLive/2022/texmf-dist/tex/generic/gettitlestring/gettitlestring.sty
Package: gettitlestring 2019/12/15 v1.6 Cleanup title references (HO)

(d:/TexLive/2022/texmf-dist/tex/latex/kvoptions/kvoptions.sty
Package: kvoptions 2022-06-15 v3.15 Key value format for package options (HO)
))
\c@section@level=\count292
)
\@linkdim=\dimen181
\Hy@linkcounter=\count293
\Hy@pagecounter=\count294

(d:/TexLive/2022/texmf-dist/tex/latex/hyperref/pd1enc.def
File: pd1enc.def 2022-06-20 v7.00s Hyperref: PDFDocEncoding definition (HO)
Now handling font encoding PD1 ...
... no UTF-8 mapping file for font encoding PD1
)
(d:/TexLive/2022/texmf-dist/tex/generic/intcalc/intcalc.sty
Package: intcalc 2019/12/15 v1.3 Expandable calculations with integers (HO)
)
(d:/TexLive/2022/texmf-dist/tex/generic/etexcmds/etexcmds.sty
Package: etexcmds 2019/12/15 v1.7 Avoid name clashes with e-TeX commands (HO)
)
\Hy@SavedSpaceFactor=\count295

(d:/TexLive/2022/texmf-dist/tex/latex/hyperref/puenc.def
File: puenc.def 2022-06-20 v7.00s Hyperref: PDF Unicode definition (HO)
Now handling font encoding PU ...
... no UTF-8 mapping file for font encoding PU
)
Package hyperref Info: Hyper figures OFF on input line 4162.
Package hyperref Info: Link nesting OFF on input line 4167.
Package hyperref Info: Hyper index ON on input line 4170.
Package hyperref Info: Plain pages OFF on input line 4177.
Package hyperref Info: Backreferencing OFF on input line 4182.
Package hyperref Info: Implicit mode ON; LaTeX internals redefined.
Package hyperref Info: Bookmarks ON on input line 4408.
\c@Hy@tempcnt=\count296

(d:/TexLive/2022/texmf-dist/tex/latex/url/url.sty
\Urlmuskip=\muskip17
Package: url 2013/09/16  ver 3.4  Verb mode for urls, etc.
)
LaTeX Info: Redefining \url on input line 4746.
\XeTeXLinkMargin=\dimen182

(d:/TexLive/2022/texmf-dist/tex/generic/bitset/bitset.sty
Package: bitset 2019/12/09 v1.3 Handle bit-vector datatype (HO)

(d:/TexLive/2022/texmf-dist/tex/generic/bigintcalc/bigintcalc.sty
Package: bigintcalc 2019/12/15 v1.5 Expandable calculations on big integers (HO
)
))
\Fld@menulength=\count297
\Field@Width=\dimen183
\Fld@charsize=\dimen184
Package hyperref Info: Hyper figures OFF on input line 6024.
Package hyperref Info: Link nesting OFF on input line 6029.
Package hyperref Info: Hyper index ON on input line 6032.
Package hyperref Info: backreferencing OFF on input line 6039.
Package hyperref Info: Link coloring OFF on input line 6044.
Package hyperref Info: Link coloring with OCG OFF on input line 6049.
Package hyperref Info: PDF/A mode OFF on input line 6054.

(d:/TexLive/2022/texmf-dist/tex/latex/base/atbegshi-ltx.sty
Package: atbegshi-ltx 2021/01/10 v1.0c Emulation of the original atbegshi
package with kernel methods
)
\Hy@abspage=\count298
\c@Item=\count299
\c@Hfootnote=\count300
)
Package hyperref Info: Driver (autodetected): hpdftex.

(d:/TexLive/2022/texmf-dist/tex/latex/hyperref/hpdftex.def
File: hpdftex.def 2022-06-20 v7.00s Hyperref driver for pdfTeX

(d:/TexLive/2022/texmf-dist/tex/latex/base/atveryend-ltx.sty
Package: atveryend-ltx 2020/08/19 v1.0a Emulation of the original atveryend pac
kage
with kernel methods
)
\Fld@listcount=\count301
\c@bookmark@seq@number=\count302

(d:/TexLive/2022/texmf-dist/tex/latex/rerunfilecheck/rerunfilecheck.sty
Package: rerunfilecheck 2022-07-10 v1.10 Rerun checks for auxiliary files (HO)

(d:/TexLive/2022/texmf-dist/tex/generic/uniquecounter/uniquecounter.sty
Package: uniquecounter 2019/12/15 v1.4 Provide unlimited unique counter (HO)
)
Package uniquecounter Info: New unique counter `rerunfilecheck' on input line 2
85.
)
\Hy@SectionHShift=\skip63
)
(d:/TexLive/2022/texmf-dist/tex/latex/framed/framed.sty
Package: framed 2011/10/22 v 0.96: framed or shaded text with page breaks
\OuterFrameSep=\skip64
\fb@frw=\dimen185
\fb@frh=\dimen186
\FrameRule=\dimen187
\FrameSep=\dimen188
)
(d:/TexLive/2022/texmf-dist/tex/latex/listings/listings.sty
\lst@mode=\count303
\lst@gtempboxa=\box54
\lst@token=\toks32
\lst@length=\count304
\lst@currlwidth=\dimen189
\lst@column=\count305
\lst@pos=\count306
\lst@lostspace=\dimen190
\lst@width=\dimen191
\lst@newlines=\count307
\lst@lineno=\count308
\lst@maxwidth=\dimen192

(d:/TexLive/2022/texmf-dist/tex/latex/listings/lstmisc.sty
File: lstmisc.sty 2020/03/24 1.8d (Carsten Heinz)
\c@lstnumber=\count309
\lst@skipnumbers=\count310
\lst@framebox=\box55
)
(d:/TexLive/2022/texmf-dist/tex/latex/listings/listings.cfg
File: listings.cfg 2020/03/24 1.8d listings configuration
))
Package: listings 2020/03/24 1.8d (Carsten Heinz)

(d:/TexLive/2022/texmf-dist/tex/latex/xcolor/xcolor.sty
Package: xcolor 2022/06/12 v2.14 LaTeX color extensions (UK)

(d:/TexLive/2022/texmf-dist/tex/latex/graphics-cfg/color.cfg
File: color.cfg 2016/01/02 v1.6 sample color configuration
)
Package xcolor Info: Driver file: pdftex.def on input line 227.
LaTeX Info: Redefining \color on input line 711.

(d:/TexLive/2022/texmf-dist/tex/latex/graphics/mathcolor.ltx)
Package xcolor Info: Model `cmy' substituted by `cmy0' on input line 1353.
Package xcolor Info: Model `hsb' substituted by `rgb' on input line 1357.
Package xcolor Info: Model `RGB' extended on input line 1369.
Package xcolor Info: Model `HTML' substituted by `rgb' on input line 1371.
Package xcolor Info: Model `Hsb' substituted by `hsb' on input line 1372.
Package xcolor Info: Model `tHsb' substituted by `hsb' on input line 1373.
Package xcolor Info: Model `HSB' substituted by `hsb' on input line 1374.
Package xcolor Info: Model `Gray' substituted by `gray' on input line 1375.
Package xcolor Info: Model `wave' substituted by `hsb' on input line 1376.
)
(d:/TexLive/2022/texmf-dist/tex/latex/setspace/setspace.sty
Package: setspace 2011/12/19 v6.7a set line spacing
)
(d:/TexLive/2022/texmf-dist/tex/latex/multirow/multirow.sty
Package: multirow 2021/03/15 v2.8 Span multiple rows of a table
\multirow@colwidth=\skip65
\multirow@cntb=\count311
\multirow@dima=\skip66
\bigstrutjot=\dimen193
)
(d:/TexLive/2022/texmf-dist/tex/latex/subfigure/subfigure.sty
Package: subfigure 2002/03/15 v2.1.5 subfigure package
\subfigtopskip=\skip67
\subfigcapskip=\skip68
\subfigcaptopadj=\dimen194
\subfigbottomskip=\skip69
\subfigcapmargin=\dimen195
\subfiglabelskip=\skip70
\c@subfigure=\count312
\c@lofdepth=\count313
\c@subtable=\count314
\c@lotdepth=\count315

****************************************
* Local config file subfigure.cfg used *
****************************************
(d:/TexLive/2022/texmf-dist/tex/latex/subfigure/subfigure.cfg)
\subfig@top=\skip71
\subfig@bottom=\skip72
)
(d:/TexLive/2022/texmf-dist/tex/latex/float/float.sty
Package: float 2001/11/08 v1.3d Float enhancements (AL)
\c@float@type=\count316
\float@exts=\toks33
\float@box=\box56
\@float@everytoks=\toks34
\@floatcapt=\box57
)
Package hyperref Info: Option `colorlinks' set `true' on input line 29.
LaTeX Font Info:    Trying to load font information for T1+lmr on input line 63
.

(d:/TexLive/2022/texmf-dist/tex/latex/lm/t1lmr.fd
File: t1lmr.fd 2015/05/01 v1.6.1 Font defs for Latin Modern
)
(d:/TexLive/2022/texmf-dist/tex/latex/l3backend/l3backend-pdftex.def
File: l3backend-pdftex.def 2022-08-30 L3 backend support: PDF output (pdfTeX)
\l__color_backend_stack_int=\count317
\l__pdf_internal_box=\box58
)

LaTeX Warning: Unused global option(s):
    [binding=0.6cm].

(./thesis.aux)
\openout1 = `thesis.aux'.

LaTeX Font Info:    Checking defaults for OML/cmm/m/it on input line 63.
LaTeX Font Info:    ... okay on input line 63.
LaTeX Font Info:    Checking defaults for OMS/cmsy/m/n on input line 63.
LaTeX Font Info:    ... okay on input line 63.
LaTeX Font Info:    Checking defaults for OT1/cmr/m/n on input line 63.
LaTeX Font Info:    ... okay on input line 63.
LaTeX Font Info:    Checking defaults for T1/cmr/m/n on input line 63.
LaTeX Font Info:    ... okay on input line 63.
LaTeX Font Info:    Checking defaults for TS1/cmr/m/n on input line 63.
LaTeX Font Info:    ... okay on input line 63.
LaTeX Font Info:    Checking defaults for OMX/cmex/m/n on input line 63.
LaTeX Font Info:    ... okay on input line 63.
LaTeX Font Info:    Checking defaults for U/cmr/m/n on input line 63.
LaTeX Font Info:    ... okay on input line 63.
LaTeX Font Info:    Checking defaults for PD1/pdf/m/n on input line 63.
LaTeX Font Info:    ... okay on input line 63.
LaTeX Font Info:    Checking defaults for PU/pdf/m/n on input line 63.
LaTeX Font Info:    ... okay on input line 63.

*geometry* driver: auto-detecting
*geometry* detected driver: pdftex
*geometry* verbose mode - [ preamble ] result:
* driver: pdftex
* paper: a4paper
* layout: <same size as paper>
* layoutoffset:(h,v)=(0.0pt,0.0pt)
* hratio: 55:89
* vratio: 55:89
* bindingoffset: 17.07182pt
* modes: includehead twoside heightrounded 
* h-part:(L,W,R)=(70.44357pt, 396.0pt, 113.99248pt)
* v-part:(T,H,B)=(66.44966pt, 671.06749pt, 107.5297pt)
* \paperwidth=597.50787pt
* \paperheight=845.04684pt
* \textwidth=396.0pt
* \textheight=646.0pt
* \oddsidemargin=15.2454pt
* \evensidemargin=41.72249pt
* \topmargin=-5.82033pt
* \headheight=12.0pt
* \headsep=18.06749pt
* \topskip=10.0pt
* \footskip=25.29494pt
* \marginparwidth=72.0pt
* \marginparsep=12.0pt
* \columnsep=10.0pt
* \skip\footins=9.0pt plus 4.0pt minus 2.0pt
* \hoffset=0.0pt
* \voffset=0.0pt
* \mag=1000
* \@twocolumnfalse
* \@twosidetrue
* \@mparswitchtrue
* \@reversemarginfalse
* (1in=72.27pt=25.4mm, 1cm=28.453pt)

Package caption Info: Begin \AtBeginDocument code.
Package caption Info: float package is loaded.
Package caption Info: hyperref package is loaded.
Package caption Info: listings package is loaded.
Package caption Info: subfigure package is loaded.
Package caption Info: End \AtBeginDocument code.
(d:/TexLive/2022/texmf-dist/tex/context/base/mkii/supp-pdf.mkii
[Loading MPS to PDF converter (version 2006.09.02).]
\scratchcounter=\count318
\scratchdimen=\dimen196
\scratchbox=\box59
\nofMPsegments=\count319
\nofMParguments=\count320
\everyMPshowfont=\toks35
\MPscratchCnt=\count321
\MPscratchDim=\dimen197
\MPnumerator=\count322
\makeMPintoPDFobject=\count323
\everyMPtoPDFconversion=\toks36
) (d:/TexLive/2022/texmf-dist/tex/latex/epstopdf-pkg/epstopdf-base.sty
Package: epstopdf-base 2020-01-24 v2.11 Base part for package epstopdf
Package epstopdf-base Info: Redefining graphics rule for `.eps' on input line 4
85.

(d:/TexLive/2022/texmf-dist/tex/latex/latexconfig/epstopdf-sys.cfg
File: epstopdf-sys.cfg 2010/07/13 v1.3 Configuration of (r)epstopdf for TeX Liv
e
))
LaTeX Info: Redefining \textsubscript on input line 63.
LaTeX Info: Redefining \microtypecontext on input line 63.
Package microtype Info: Applying patch `item' on input line 63.
Package microtype Info: Applying patch `toc' on input line 63.
Package microtype Info: Applying patch `eqnum' on input line 63.


Package microtype Warning: Unable to apply patch `footnote' on input line 63.

Package microtype Info: Generating PDF output.
Package microtype Info: Character protrusion enabled (level 2).
Package microtype Info: Using default protrusion set `alltext'.
Package microtype Info: Automatic font expansion enabled (level 2),
(microtype)             stretch: 20, shrink: 20, step: 1, non-selected.
Package microtype Info: Using default expansion set `alltext-nott'.
LaTeX Info: Redefining \showhyphens on input line 63.
Package microtype Info: No adjustment of tracking.
Package microtype Info: No adjustment of interword spacing.
Package microtype Info: No adjustment of character kerning.
(d:/TexLive/2022/texmf-dist/tex/latex/microtype/mt-cmr.cfg
File: mt-cmr.cfg 2013/05/19 v2.2 microtype config. file: Computer Modern Roman 
(RS)
)
Package hyperref Info: Link coloring ON on input line 63.
 (./thesis.out)
(./thesis.out)
\@outlinefile=\write3
\openout3 = `thesis.out'.

\c@lstlisting=\count324
\SAP@parboxindent=\skip73
\SAP@parboxwidth=\skip74
LaTeX Font Info:    Trying to load font information for T1+lmss on input line 6
8.
 (d:/TexLive/2022/texmf-dist/tex/latex/lm/t1lmss.fd
File: t1lmss.fd 2015/05/01 v1.6.1 Font defs for Latin Modern
)
Package microtype Info: Loading generic protrusion settings for font family
(microtype)             `lmss' (encoding: T1).
(microtype)             For optimal results, create family-specific settings.
(microtype)             See the microtype manual for details.
<sapienzalogo.pdf, id=200, 288.07625pt x 89.33376pt>
File: sapienzalogo.pdf Graphic file (type pdf)
<use sapienzalogo.pdf>
Package pdftex.def Info: sapienzalogo.pdf  used on input line 68.
(pdftex.def)             Requested size: 142.26378pt x 44.11742pt.
 [1



{d:/TexLive/2022/texmf-var/fonts/map/pdftex/updmap/pdftex.map} <d:/TexLive/2022
/texmf-dist/tex/latex/sapthesis/sapienzalogo.pdf>]
LaTeX Font Info:    Trying to load font information for TS1+lmr on input line 6
8.

(d:/TexLive/2022/texmf-dist/tex/latex/lm/ts1lmr.fd
File: ts1lmr.fd 2015/05/01 v1.6.1 Font defs for Latin Modern
)
Underfull \hbox (badness 10000) in paragraph at lines 68--68

 []

LaTeX Font Info:    Trying to load font information for OT1+lmr on input line 6
8.
(d:/TexLive/2022/texmf-dist/tex/latex/lm/ot1lmr.fd
File: ot1lmr.fd 2015/05/01 v1.6.1 Font defs for Latin Modern
)
LaTeX Font Info:    Trying to load font information for OML+lmm on input line 6
8.

(d:/TexLive/2022/texmf-dist/tex/latex/lm/omllmm.fd
File: omllmm.fd 2015/05/01 v1.6.1 Font defs for Latin Modern
)
LaTeX Font Info:    Trying to load font information for OMS+lmsy on input line 
68.

(d:/TexLive/2022/texmf-dist/tex/latex/lm/omslmsy.fd
File: omslmsy.fd 2015/05/01 v1.6.1 Font defs for Latin Modern
)
LaTeX Font Info:    Trying to load font information for OMX+lmex on input line 
68.

(d:/TexLive/2022/texmf-dist/tex/latex/lm/omxlmex.fd
File: omxlmex.fd 2015/05/01 v1.6.1 Font defs for Latin Modern
)
LaTeX Font Info:    External font `lmex10' loaded for size
(Font)              <9> on input line 68.
LaTeX Font Info:    External font `lmex10' loaded for size
(Font)              <6> on input line 68.
LaTeX Font Info:    External font `lmex10' loaded for size
(Font)              <5> on input line 68.

Underfull \hbox (badness 10000) in paragraph at lines 68--68

 []

[2

] (./acknowledgments.tex
Underfull \hbox (badness 10000) in paragraph at lines 2--8

 []

) (./abstract.tex [3


] [4

]) [5] [6

] (./thesis.toc
LaTeX Font Info:    External font `lmex10' loaded for size
(Font)              <10> on input line 4.
LaTeX Font Info:    External font `lmex10' loaded for size
(Font)              <7> on input line 4.
 [7])
\tf@toc=\write4
\openout4 = `thesis.toc'.

 [8]
(./chapters/introduction.tex
Chapter 1.

Underfull \hbox (badness 10000) in paragraph at lines 3--5

 []


Underfull \hbox (badness 10000) in paragraph at lines 5--6

 []

[1


]
Underfull \hbox (badness 10000) in paragraph at lines 17--18

 []

[2]
Underfull \hbox (badness 10000) in paragraph at lines 31--34

 []


Underfull \hbox (badness 10000) in paragraph at lines 34--35

 []

[3]
Underfull \hbox (badness 10000) in paragraph at lines 43--44

 []


Underfull \hbox (badness 10000) in paragraph at lines 44--45

 []


Underfull \hbox (badness 10000) in paragraph at lines 47--50

 []

) (./chapters/fundamentals.tex [4]
Chapter 2.

Underfull \hbox (badness 10000) in paragraph at lines 3--5

 []

[5

]
<images/tcp-tls-handshake.png, id=334, 2928.9425pt x 1673.25125pt>
File: images/tcp-tls-handshake.png Graphic file (type png)
<use images/tcp-tls-handshake.png>
Package pdftex.def Info: images/tcp-tls-handshake.png  used on input line 22.
(pdftex.def)             Requested size: 316.80121pt x 180.96886pt.
 [6 <./images/tcp-tls-handshake.png>]
<images/tls-certificate-verification.png, id=343, 3011.25pt x 1883.035pt>
File: images/tls-certificate-verification.png Graphic file (type png)
<use images/tls-certificate-verification.png>
Package pdftex.def Info: images/tls-certificate-verification.png  used on input
 line 35.
(pdftex.def)             Requested size: 316.80121pt x 198.08366pt.

Underfull \hbox (badness 10000) in paragraph at lines 39--40

 []

[7 <./images/tls-certificate-verification.png>]
Underfull \hbox (badness 10000) in paragraph at lines 48--50

 []

[8]
Underfull \hbox (badness 10000) in paragraph at lines 55--56

 []


Underfull \hbox (badness 10000) in paragraph at lines 64--65

 []


Underfull \hbox (badness 10000) in paragraph at lines 65--66

 []

[9]
Underfull \hbox (badness 10000) in paragraph at lines 66--67

 []

LaTeX Font Info:    Trying to load font information for T1+lmtt on input line 7
3.
(d:/TexLive/2022/texmf-dist/tex/latex/lm/t1lmtt.fd
File: t1lmtt.fd 2015/05/01 v1.6.1 Font defs for Latin Modern
)
Package microtype Info: Loading generic protrusion settings for font family
(microtype)             `lmtt' (encoding: T1).
(microtype)             For optimal results, create family-specific settings.
(microtype)             See the microtype manual for details.
 [10]
Underfull \hbox (badness 10000) in paragraph at lines 80--81

 []

<images/protobuffer.png, id=382, 563.10374pt x 160.6pt>
File: images/protobuffer.png Graphic file (type png)
<use images/protobuffer.png>
Package pdftex.def Info: images/protobuffer.png  used on input line 84.
(pdftex.def)             Requested size: 356.39758pt x 101.64658pt.

Underfull \hbox (badness 10000) in paragraph at lines 93--94

 []

<images/grpc.png, id=387, 554.07pt x 328.22626pt>
File: images/grpc.png Graphic file (type png)
<use images/grpc.png>
Package pdftex.def Info: images/grpc.png  used on input line 100.
(pdftex.def)             Requested size: 277.19879pt x 164.20787pt.
[11 <./images/protobuffer.png>] [12 <./images/grpc.png>] [13]
Underfull \hbox (badness 10000) in paragraph at lines 116--117

 []


Underfull \hbox (badness 10000) in paragraph at lines 117--118

 []


Underfull \hbox (badness 10000) in paragraph at lines 119--120

 []

<images/quic_handshake.png, id=419, 706.13812pt x 415.5525pt>
File: images/quic_handshake.png Graphic file (type png)
<use images/quic_handshake.png>
Package pdftex.def Info: images/quic_handshake.png  used on input line 124.
(pdftex.def)             Requested size: 316.80121pt x 186.43256pt.

Underfull \hbox (badness 10000) in paragraph at lines 127--128

 []

[14]
Underfull \hbox (badness 10000) in paragraph at lines 134--135

 []

) (./chapters/testing_environment.tex [15 <./images/quic_handshake.png>]
[16

]
Chapter 3.
[17] (d:/TexLive/2022/texmf-dist/tex/latex/listings/lstlang1.sty
File: lstlang1.sty 2020/03/24 1.8d listings language file
)
(d:/TexLive/2022/texmf-dist/tex/latex/listings/lstlang1.sty
File: lstlang1.sty 2020/03/24 1.8d listings language file
)
Overfull \hbox (54.94716pt too wide) in paragraph at lines 16--17
[]\T1/lmr/m/n/10 (-20) Once cre-ated the new vir-tual de-vice (in my case calle
d \T1/lmr/m/it/10 (-20) ''Pixel_3a_API_33_-_Data_Leak_Detection''\T1/lmr/m/n/10
 (-20) ),
 []

Package hyperref Info: bookmark level for unknown lstlisting defaults to 0 on i
nput line 17.

Overfull \hbox (28.33858pt too wide) in paragraph at lines 23--47
 [] 
 []


Underfull \vbox (badness 10000) has occurred while \output is active []

 [18]
Underfull \hbox (badness 10000) in paragraph at lines 56--57

 []

[19]
Underfull \hbox (badness 10000) in paragraph at lines 68--69

 []


Underfull \hbox (badness 10000) in paragraph at lines 71--72

 []


Underfull \hbox (badness 10000) in paragraph at lines 72--73

 []

[20]
Underfull \hbox (badness 10000) in paragraph at lines 77--78

 []

[21]
Underfull \hbox (badness 10000) in paragraph at lines 101--102

 []


Underfull \hbox (badness 10000) in paragraph at lines 102--103

 []


Underfull \hbox (badness 10000) in paragraph at lines 103--104

 []


Underfull \hbox (badness 10000) in paragraph at lines 109--110

 []

[22]

LaTeX Warning: Reference `use_cases' on page 23 undefined on input line 110.


Underfull \hbox (badness 10000) in paragraph at lines 110--111

 []

[23]
Overfull \hbox (0.49226pt too wide) in paragraph at lines 154--156
\T1/lmr/m/n/10 (-20) It can be in-stall via PyPI and get it started through the
 com-mand \T1/lmr/m/it/10 (-20) ob-jec-tion -g <app_package>
 []


Underfull \hbox (badness 10000) in paragraph at lines 154--156

 []

[24]
Underfull \hbox (badness 10000) in paragraph at lines 156--157

 []


Underfull \hbox (badness 10000) in paragraph at lines 160--161

 []

[25]) (./chapters/use_cases.tex [26]
Chapter 4.

Underfull \hbox (badness 10000) in paragraph at lines 3--4

 []


Underfull \hbox (badness 10000) in paragraph at lines 4--8

 []

(./chapters/cases/iLMeteo.tex [27

]
Underfull \hbox (badness 10000) in paragraph at lines 5--6

 []

[28]
Overfull \hbox (115.49353pt too wide) in paragraph at lines 19--20
\T1/lmr/m/n/10 (-20) is sent to-wards the end-point \T1/lmr/m/it/10 (-20) voila
tile-pa.googleapi/google.internal.android.location.voilatile.v1.VoilaTileServic
e/FindTiles\T1/lmr/m/n/10 (-20) .
 []

[29]
Underfull \hbox (badness 10000) in paragraph at lines 63--64

 []

[30]
Underfull \hbox (badness 10000) in paragraph at lines 64--65

 []

[31]) (./chapters/cases/Pacer.tex
Underfull \hbox (badness 10000) in paragraph at lines 4--5

 []

[32] [33]
Overfull \hbox (17.85773pt too wide) in paragraph at lines 94--95
\T1/lmr/m/n/10 (-20) then a GET re-quest is is-sued on the re-source \T1/lmr/m/
it/10 (-20) /pac-er/an-droid/api/v18/accounts/<pacer_id>\T1/lmr/m/n/10 (-20) .
 []

[34] [35]
Underfull \hbox (badness 10000) in paragraph at lines 179--180

 []

<images/pacer1.png, id=739, 341.02406pt x 301.125pt>
File: images/pacer1.png Graphic file (type png)
<use images/pacer1.png>
Package pdftex.def Info: images/pacer1.png  used on input line 185.
(pdftex.def)             Requested size: 186.12048pt x 164.3465pt.
<images/pacer2.png, id=740, 341.02406pt x 301.125pt>
File: images/pacer2.png Graphic file (type png)
<use images/pacer2.png>
Package pdftex.def Info: images/pacer2.png  used on input line 188.
(pdftex.def)             Requested size: 186.12048pt x 164.3465pt.

Underfull \hbox (badness 10000) in paragraph at lines 191--193

 []

[36 <./images/pacer1.png> <./images/pacer2.png>]
<images/pacer_gda1.png, id=756, 514.17094pt x 314.67563pt>
File: images/pacer_gda1.png Graphic file (type png)
<use images/pacer_gda1.png>
Package pdftex.def Info: images/pacer_gda1.png  used on input line 201.
(pdftex.def)             Requested size: 277.19879pt x 169.6486pt.
 [37 <./images/pacer_gda1.png>]
<images/pacer_gda2.png, id=765, 621.82312pt x 415.5525pt>
File: images/pacer_gda2.png Graphic file (type png)
<use images/pacer_gda2.png>
Package pdftex.def Info: images/pacer_gda2.png  used on input line 218.
(pdftex.def)             Requested size: 277.19879pt x 185.24683pt.

Overfull \hbox (57.97736pt too wide) in paragraph at lines 221--224
[]\T1/lmr/m/n/10 (-20) In this method a new in-stance of the ob-ject \T1/lmr/m/
it/10 (-20) Mac \T1/lmr/m/n/10 (-20) is re-trieved with the method \T1/lmr/m/it
/10 (-20) getInstance(''HmacSHA1'')\T1/lmr/m/n/10 (-20) .
 []


Overfull \hbox (7.73961pt too wide) in paragraph at lines 221--224
\T1/lmr/m/n/10 (-20) Looking on the Java on-line doc-u-men-ta-tion the class \T
1/lmr/m/it/10 (-20) Mac \T1/lmr/m/n/10 (-20) be-longs to the li-brary \T1/lmr/m
/it/10 (-20) javax.crypto.Mac
 []


Underfull \hbox (badness 10000) in paragraph at lines 221--224

 []


Underfull \hbox (badness 10000) in paragraph at lines 224--225

 []

[38 <./images/pacer_gda2.png>] [39] [40]
Overfull \hbox (60.8663pt too wide) in paragraph at lines 331--332
[]\T1/lmr/m/n/10 (-20) The method \T1/lmr/m/it/10 (-20) up-date() \T1/lmr/m/n/1
0 (-20) on the \T1/lmr/m/it/10 (-20) Mac \T1/lmr/m/n/10 (-20) ob-ject is called
 with the string \T1/lmr/m/it/10 (-20) ''84df-bce-abc7185c5513137d08a431767''\T
1/lmr/m/n/10 (-20) .
 []


Overfull \hbox (223.65552pt too wide) in paragraph at lines 332--333
[]\T1/lmr/m/n/10 (-20) The method \T1/lmr/m/it/10 (-20) up-date() \T1/lmr/m/n/1
0 (-20) on the \T1/lmr/m/it/10 (-20) Mac \T1/lmr/m/n/10 (-20) ob-ject is called
 with the string \T1/lmr/m/it/10 (-20) ''/pac-er/an-droid/api/v18/accounts/3347
94565/actions/app_in_foreground''\T1/lmr/m/n/10 (-20) .
 []


Underfull \hbox (badness 10000) in paragraph at lines 334--335

 []

[41] [42]
<images/pacer3.png, id=940, 686.565pt x 401.24907pt>
File: images/pacer3.png Graphic file (type png)
<use images/pacer3.png>
Package pdftex.def Info: images/pacer3.png  used on input line 400.
(pdftex.def)             Requested size: 396.0pt x 231.43275pt.
 [43 <./images/pacer3.PNG>] [44]
<images/pacer4.png, id=952, 685.8122pt x 313.17pt>
File: images/pacer4.png Graphic file (type png)
<use images/pacer4.png>
Package pdftex.def Info: images/pacer4.png  used on input line 412.
(pdftex.def)             Requested size: 396.0pt x 180.8359pt.
 [45 <./images/pacer4.PNG>]
<images/pacer_login_1.png, id=960, 439.6425pt x 657.95813pt>
File: images/pacer_login_1.png Graphic file (type png)
<use images/pacer_login_1.png>
Package pdftex.def Info: images/pacer_login_1.png  used on input line 424.
(pdftex.def)             Requested size: 138.60242pt x 207.42857pt.
<images/pacer_login_2.png, id=961, 433.62pt x 610.53094pt>
File: images/pacer_login_2.png Graphic file (type png)
<use images/pacer_login_2.png>
Package pdftex.def Info: images/pacer_login_2.png  used on input line 427.
(pdftex.def)             Requested size: 138.60242pt x 195.1503pt.
<images/pacer_login_3.png, id=962, 435.12563pt x 654.19406pt>
File: images/pacer_login_3.png Graphic file (type png)
<use images/pacer_login_3.png>
Package pdftex.def Info: images/pacer_login_3.png  used on input line 431.
(pdftex.def)             Requested size: 138.60242pt x 208.38808pt.
<images/pacer_login_4.png, id=963, 441.14813pt x 619.56468pt>
File: images/pacer_login_4.png Graphic file (type png)
<use images/pacer_login_4.png>
Package pdftex.def Info: images/pacer_login_4.png  used on input line 434.
(pdftex.def)             Requested size: 138.60242pt x 194.6534pt.

Underfull \vbox (badness 1681) has occurred while \output is active []

 [46 <./images/pacer_login_1.PNG> <./images/pacer_login_2.PNG> <./images/pacer_
login_3.PNG> <./images/pacer_login_4.PNG>]
<images/pacer5.png, id=977, 886.06032pt x 584.93532pt>
File: images/pacer5.png Graphic file (type png)
<use images/pacer5.png>
Package pdftex.def Info: images/pacer5.png  used on input line 447.
(pdftex.def)             Requested size: 356.39758pt x 235.28201pt.
 [47 <./images/pacer5.PNG>]
Underfull \hbox (badness 10000) in paragraph at lines 454--455

 []

[48] [49]
<images/pacer_privacy.png, id=1005, 825.0825pt x 382.42876pt>
File: images/pacer_privacy.png Graphic file (type png)
<use images/pacer_privacy.png>
Package pdftex.def Info: images/pacer_privacy.png  used on input line 474.
(pdftex.def)             Requested size: 396.0pt x 183.5462pt.
<images/pacer6.png, id=1006, 478.78876pt x 532.23843pt>
File: images/pacer6.png Graphic file (type png)
<use images/pacer6.png>
Package pdftex.def Info: images/pacer6.png  used on input line 483.
(pdftex.def)             Requested size: 178.19879pt x 198.09459pt.
<images/pacer7.png, id=1007, 483.30562pt x 532.99126pt>
File: images/pacer7.png Graphic file (type png)
<use images/pacer7.png>
Package pdftex.def Info: images/pacer7.png  used on input line 486.
(pdftex.def)             Requested size: 178.19879pt x 196.52052pt.

Underfull \hbox (badness 10000) in paragraph at lines 489--490

 []

[50 <./images/pacer_privacy.PNG> <./images/pacer6.PNG> <./images/pacer7.PNG>]
Underfull \hbox (badness 10000) in paragraph at lines 495--496

 []

[51]
<images/pacer_path_1.png, id=1028, 314.67563pt x 629.35126pt>
File: images/pacer_path_1.png Graphic file (type png)
<use images/pacer_path_1.png>
Package pdftex.def Info: images/pacer_path_1.png  used on input line 506.
(pdftex.def)             Requested size: 178.19879pt x 356.40039pt.
<images/pacer_path_2.png, id=1029, 367.3725pt x 665.48625pt>
File: images/pacer_path_2.png Graphic file (type png)
<use images/pacer_path_2.png>
Package pdftex.def Info: images/pacer_path_2.png  used on input line 509.
(pdftex.def)             Requested size: 178.19879pt x 322.81122pt.

Underfull \hbox (badness 10000) in paragraph at lines 513--514

 []


Underfull \vbox (badness 4660) has occurred while \output is active []

 [52 <./images/pacer_path_1.PNG> <./images/pacer_path_2.PNG>] [53])
(./chapters/cases/RadarBot.tex
Underfull \hbox (badness 10000) in paragraph at lines 6--7

 []

[54]
Underfull \hbox (badness 10000) in paragraph at lines 16--17

 []


Underfull \hbox (badness 10000) in paragraph at lines 17--18

 []


Underfull \hbox (badness 10000) in paragraph at lines 18--19

 []


Underfull \hbox (badness 10000) in paragraph at lines 19--20

 []

<images/radarbot_alerts1.png, id=1052, 317.68687pt x 584.93532pt>
File: images/radarbot_alerts1.png Graphic file (type png)
<use images/radarbot_alerts1.png>
Package pdftex.def Info: images/radarbot_alerts1.png  used on input line 27.
(pdftex.def)             Requested size: 178.19879pt x 328.11491pt.
<images/radarbot_alerts2.png, id=1053, 368.87813pt x 654.19406pt>
File: images/radarbot_alerts2.png Graphic file (type png)
<use images/radarbot_alerts2.png>
Package pdftex.def Info: images/radarbot_alerts2.png  used on input line 30.
(pdftex.def)             Requested size: 178.19879pt x 316.02599pt.

Underfull \vbox (badness 10000) has occurred while \output is active []

 [55]
Underfull \hbox (badness 10000) in paragraph at lines 34--35

 []

[56 <./images/radarbot_alerts1.png> <./images/radarbot_alerts2.png>]
Underfull \hbox (badness 10000) in paragraph at lines 48--49

 []

<images/radarbot_request.png, id=1068, 447.17062pt x 351.56343pt>
File: images/radarbot_request.png Graphic file (type png)
<use images/radarbot_request.png>
Package pdftex.def Info: images/radarbot_request.png  used on input line 55.
(pdftex.def)             Requested size: 356.39758pt x 280.20505pt.

Underfull \hbox (badness 10000) in paragraph at lines 52--57

 []


Underfull \hbox (badness 10000) in paragraph at lines 58--61

 []

[57 <./images/radarbot_request.png>]
Underfull \hbox (badness 10000) in paragraph at lines 64--65

 []

<images/radarbot_gda.png, id=1076, 392.96812pt x 676.02562pt>
File: images/radarbot_gda.png Graphic file (type png)
<use images/radarbot_gda.png>
Package pdftex.def Info: images/radarbot_gda.png  used on input line 68.
(pdftex.def)             Requested size: 198.0pt x 340.63206pt.

Underfull \vbox (badness 10000) has occurred while \output is active []

 [58]
Underfull \hbox (badness 10000) in paragraph at lines 71--72

 []


Underfull \hbox (badness 10000) in paragraph at lines 72--74

 []


Underfull \hbox (badness 10000) in paragraph at lines 74--75

 []

[59 <./images/radarbot_gda.png>]
<images/radarbot_removealert.png, id=1090, 736.25063pt x 276.28218pt>
File: images/radarbot_removealert.png Graphic file (type png)
<use images/radarbot_removealert.png>
Package pdftex.def Info: images/radarbot_removealert.png  used on input line 82
.
(pdftex.def)             Requested size: 316.80121pt x 118.88333pt.
<images/radarbot_changeemail.png, id=1091, 733.99219pt x 320.69812pt>
File: images/radarbot_changeemail.png Graphic file (type png)
<use images/radarbot_changeemail.png>
Package pdftex.def Info: images/radarbot_changeemail.png  used on input line 92
.
(pdftex.def)             Requested size: 356.39758pt x 155.71945pt.


LaTeX Warning: `h' float specifier changed to `ht'.

) (./chapters/cases/Waze.tex [60 <./images/radarbot_removealert.png>]
Underfull \hbox (badness 10000) in paragraph at lines 6--8

 []


Underfull \hbox (badness 10000) in paragraph at lines 8--9

 []


Underfull \hbox (badness 10000) in paragraph at lines 9--10

 []

[61 <./images/radarbot_changeemail.png>]
Underfull \hbox (badness 10000) in paragraph at lines 14--15

 []


Underfull \hbox (badness 10000) in paragraph at lines 15--16

 []

<images/waze_phases.png, id=1107, 400.49625pt x 243.91125pt>
File: images/waze_phases.png Graphic file (type png)
<use images/waze_phases.png>
Package pdftex.def Info: images/waze_phases.png  used on input line 21.
(pdftex.def)             Requested size: 316.80121pt x 192.94829pt.

Underfull \vbox (badness 3482) has occurred while \output is active []

 [62]
Underfull \hbox (badness 10000) in paragraph at lines 26--27

 []

<images/waze_staticbody.png, id=1115, 438.8897pt x 517.18219pt>
File: images/waze_staticbody.png Graphic file (type png)
<use images/waze_staticbody.png>
Package pdftex.def Info: images/waze_staticbody.png  used on input line 30.
(pdftex.def)             Requested size: 316.80121pt x 373.32576pt.

Underfull \vbox (badness 10000) has occurred while \output is active []

 [63 <./images/waze_phases.png>]
Underfull \hbox (badness 10000) in paragraph at lines 33--34

 []


Underfull \hbox (badness 10000) in paragraph at lines 34--38

 []

[64 <./images/waze_staticbody.png>]
Underfull \hbox (badness 10000) in paragraph at lines 38--41

 []

[65]
<images/waze_loginbody.png, id=1134, 429.10312pt x 606.76688pt>
File: images/waze_loginbody.png Graphic file (type png)
<use images/waze_loginbody.png>
Package pdftex.def Info: images/waze_loginbody.png  used on input line 48.
(pdftex.def)             Requested size: 316.80121pt x 447.97276pt.

Underfull \hbox (badness 10000) in paragraph at lines 51--56

 []

[66 <./images/waze_loginbody.png>]
<images/waze_loginaccountinfo.png, id=1142, 258.21469pt x 465.23813pt>
File: images/waze_loginaccountinfo.png Graphic file (type png)
<use images/waze_loginaccountinfo.png>
Package pdftex.def Info: images/waze_loginaccountinfo.png  used on input line 6
0.
(pdftex.def)             Requested size: 118.80121pt x 214.04762pt.
<images/waze_logintoken.png, id=1143, 415.5525pt x 246.1697pt>
File: images/waze_logintoken.png Graphic file (type png)
<use images/waze_logintoken.png>
Package pdftex.def Info: images/waze_logintoken.png  used on input line 73.
(pdftex.def)             Requested size: 237.60242pt x 140.75389pt.
 [67 <./images/waze_loginaccountinfo.png>]
Underfull \hbox (badness 10000) in paragraph at lines 80--81

 []

[68 <./images/waze_logintoken.png>]
<images/waze_idle.png, id=1160, 469.00218pt x 657.2053pt>
File: images/waze_idle.png Graphic file (type png)
<use images/waze_idle.png>
Package pdftex.def Info: images/waze_idle.png  used on input line 94.
(pdftex.def)             Requested size: 277.19879pt x 388.42967pt.
<images/waze_idle4pointsapp.png, id=1161, 635.37375pt x 490.08093pt>
File: images/waze_idle4pointsapp.png Graphic file (type png)
<use images/waze_idle4pointsapp.png>
Package pdftex.def Info: images/waze_idle4pointsapp.png  used on input line 103
.
(pdftex.def)             Requested size: 277.19879pt x 213.81912pt.
 [69 <./images/waze_idle.png>]
Underfull \hbox (badness 10000) in paragraph at lines 106--107

 []

[70 <./images/waze_idle4pointsapp.png>]
<images/waze_MapDisplayed_coord_combined.png, id=1179, 498.36188pt x 631.60968p
t>
File: images/waze_MapDisplayed_coord_combined.png Graphic file (type png)
<use images/waze_MapDisplayed_coord_combined.png>
Package pdftex.def Info: images/waze_MapDisplayed_coord_combined.png  used on i
nput line 121.
(pdftex.def)             Requested size: 158.39758pt x 200.74104pt.

Underfull \hbox (badness 10000) in paragraph at lines 118--123

 []


Underfull \hbox (badness 10000) in paragraph at lines 127--128

 []

[71 <./images/waze_MapDisplayed_coord_combined.png>]
Underfull \hbox (badness 10000) in paragraph at lines 138--139

 []

<images/waze_userinfo.png, id=1190, 573.64313pt x 685.05937pt>
File: images/waze_userinfo.png Graphic file (type png)
<use images/waze_userinfo.png>
Package pdftex.def Info: images/waze_userinfo.png  used on input line 142.
(pdftex.def)             Requested size: 237.60242pt x 283.75078pt.

Underfull \vbox (badness 10000) has occurred while \output is active []

 [72]
[73 <./images/waze_userinfo.png>]
Underfull \hbox (badness 10000) in paragraph at lines 165--166

 []


Overfull \hbox (3.96767pt too wide) in paragraph at lines 174--175
[]\T1/lmr/m/n/10 (-20) Device in-for-ma-tions: \T1/lmr/m/it/10 (-20) de-vice_ma
nufacturer\T1/lmr/m/n/10 (-20) , \T1/lmr/m/it/10 (-20) de-vice_model\T1/lmr/m/n
/10 (-20) , \T1/lmr/m/it/10 (-20) user_agent\T1/lmr/m/n/10 (-20) , \T1/lmr/m/it
/10 (-20) An-droid_version\T1/lmr/m/n/10 (-20) ,
 []


Overfull \hbox (22.71423pt too wide) in paragraph at lines 175--176
[]\T1/lmr/m/n/10 (-20) Account and User in-for-ma-tions: \T1/lmr/m/it/10 (-20) 
first_name\T1/lmr/m/n/10 (-20) , \T1/lmr/m/it/10 (-20) last_name\T1/lmr/m/n/10 
(-20) , \T1/lmr/m/it/10 (-20) email\T1/lmr/m/n/10 (-20) , \T1/lmr/m/it/10 (-20)
 ac-count_creation_timestamp\T1/lmr/m/n/10 (-20) ,
 []


Underfull \hbox (badness 10000) in paragraph at lines 178--179

 []

) (./chapters/cases/GoogleMaps.tex [74])) (./chapters/conclusion.tex [75]
[76

]
Chapter 5.
) [77] [78

]
Underfull \hbox (badness 10000) in paragraph at lines 91--93
[][]$\T1/lmtt/m/n/10 https : / / commission . europa . eu / law / law-[]topic /
 data-[]protection / reform /
 []


Overfull \hbox (36.00432pt too wide) in paragraph at lines 95--97
[][]$\T1/lmtt/m/n/10 https : / / www . cloudflare . com / it-[]it / learning / 
ssl / what-[]happens-[]in-[]a-[]tls-[]handshake/$[][] 
 []


Underfull \hbox (badness 10000) in paragraph at lines 97--99
[][]$\T1/lmtt/m/n/10 https : / / developer . okta . com / books / api-[]securit
y / tls /
 []


Overfull \hbox (10.3044pt too wide) in paragraph at lines 99--101
[][]$\T1/lmtt/m/n/10 https : / / digicert . com / blog / certificate-[]pinning-
[]what-[]is-[]certificate-[]pinning$[][] 
 []

[79


]
Underfull \hbox (badness 10000) in paragraph at lines 119--121
[][]$\T1/lmtt/m/n/10 https : / / portswigger . net / burp / documentation / des
ktop / mobile /
 []

[80] (./thesis.aux)

LaTeX Warning: There were undefined references.

Package rerunfilecheck Info: File `thesis.out' has not changed.
(rerunfilecheck)             Checksum: 1ADFB6EE715C8E65BFFD70F9931C687F;6709.
 ) 
Here is how much of TeX's memory you used:
 19252 strings out of 475075
 308090 string characters out of 5783001
 1109839 words of memory out of 5000000
 39368 multiletter control sequences out of 15000+600000
 566573 words of font info for 223 fonts, out of 8000000 for 9000
 1141 hyphenation exceptions out of 8191
 84i,13n,131p,1225b,2061s stack positions out of 10000i,1000n,20000p,200000b,200000s
{d:/TexLive/2022/texmf-dist/fonts/enc/dvips/lm/lm-ec.enc}{d:/TexLive/2022/tex
mf-dist/fonts/enc/dvips/lm/lm-mathsy.enc}{d:/TexLive/2022/texmf-dist/fonts/enc/
dvips/lm/lm-ts1.enc}<d:/TexLive/2022/texmf-dist/fonts/type1/public/lm/lmbx10.pf
b><d:/TexLive/2022/texmf-dist/fonts/type1/public/lm/lmbx12.pfb><d:/TexLive/2022
/texmf-dist/fonts/type1/public/lm/lmbx9.pfb><d:/TexLive/2022/texmf-dist/fonts/t
ype1/public/lm/lmr10.pfb><d:/TexLive/2022/texmf-dist/fonts/type1/public/lm/lmr6
.pfb><d:/TexLive/2022/texmf-dist/fonts/type1/public/lm/lmr8.pfb><d:/TexLive/202
2/texmf-dist/fonts/type1/public/lm/lmr9.pfb><d:/TexLive/2022/texmf-dist/fonts/t
ype1/public/lm/lmri10.pfb><d:/TexLive/2022/texmf-dist/fonts/type1/public/lm/lmr
i9.pfb><d:/TexLive/2022/texmf-dist/fonts/type1/public/lm/lmss10.pfb><d:/TexLive
/2022/texmf-dist/fonts/type1/public/lm/lmss12.pfb><d:/TexLive/2022/texmf-dist/f
onts/type1/public/lm/lmss17.pfb><d:/TexLive/2022/texmf-dist/fonts/type1/public/
lm/lmssbx10.pfb><d:/TexLive/2022/texmf-dist/fonts/type1/public/lm/lmsy10.pfb><d
:/TexLive/2022/texmf-dist/fonts/type1/public/lm/lmtt10.pfb><d:/TexLive/2022/tex
mf-dist/fonts/type1/public/lm/lmtt8.pfb>
Output written on thesis.pdf (88 pages, 2412680 bytes).
PDF statistics:
 1465 PDF objects out of 1728 (max. 8388607)
 1254 compressed objects within 13 object streams
 613 named destinations out of 1000 (max. 500000)
 56898 words of extra memory for PDF output out of 61914 (max. 10000000)

